0 info it worked if it ends with ok
1 verbose cli [ 'C:\\Program Files\\nodejs\\node.exe',
1 verbose cli   'C:\\Program Files\\nodejs\\node_modules\\npm\\bin\\npm-cli.js',
1 verbose cli   'install',
1 verbose cli   'peerDependencies' ]
2 info using npm@2.15.1
3 info using node@v4.4.3
4 verbose install initial load of C:\Users\Justin\Dropbox\Development\bloc-jams-angular\package.json
5 verbose installManyTop reading scoped package data from C:\Users\Justin\Dropbox\Development\bloc-jams-angular\node_modules\connect-modrewrite\package.json
6 verbose installManyTop reading scoped package data from C:\Users\Justin\Dropbox\Development\bloc-jams-angular\node_modules\es5-shim\package.json
7 verbose installManyTop reading scoped package data from C:\Users\Justin\Dropbox\Development\bloc-jams-angular\node_modules\grunt\package.json
8 verbose installManyTop reading scoped package data from C:\Users\Justin\Dropbox\Development\bloc-jams-angular\node_modules\grunt-cli\package.json
9 verbose installManyTop reading scoped package data from C:\Users\Justin\Dropbox\Development\bloc-jams-angular\node_modules\grunt-contrib-clean\package.json
10 verbose installManyTop reading scoped package data from C:\Users\Justin\Dropbox\Development\bloc-jams-angular\node_modules\grunt-contrib-copy\package.json
11 verbose installManyTop reading scoped package data from C:\Users\Justin\Dropbox\Development\bloc-jams-angular\node_modules\grunt-contrib-watch\package.json
12 verbose installManyTop reading scoped package data from C:\Users\Justin\Dropbox\Development\bloc-jams-angular\node_modules\grunt-hapi\package.json
13 verbose installManyTop reading scoped package data from C:\Users\Justin\Dropbox\Development\bloc-jams-angular\node_modules\hapi\package.json
14 verbose installManyTop reading scoped package data from C:\Users\Justin\Dropbox\Development\bloc-jams-angular\node_modules\path\package.json
15 verbose installManyTop reading scoped package data from C:\Users\Justin\Dropbox\Development\bloc-jams-angular\node_modules\rootpath\package.json
16 info package.json grunt@0.4.5 No license field.
17 info package.json grunt-cli@0.1.13 No license field.
18 info package.json hapi@7.5.3 No license field.
19 info package.json grunt-contrib-watch@0.6.1 No license field.
20 info package.json grunt-contrib-clean@0.6.0 No license field.
21 info package.json connect-modrewrite@0.7.12 No license field.
22 info package.json path@0.4.10 path is also the name of a node core module.
23 info package.json grunt-contrib-copy@0.5.0 No license field.
24 info package.json grunt-hapi@0.8.1 No license field.
25 verbose readDependencies loading dependencies from C:\Users\Justin\Dropbox\Development\bloc-jams-angular\package.json
26 silly cache add args [ 'peerDependencies', null ]
27 verbose cache add spec peerDependencies
28 silly cache add parsed spec Result {
28 silly cache add   raw: 'peerDependencies',
28 silly cache add   scope: null,
28 silly cache add   name: 'peerDependencies',
28 silly cache add   rawSpec: '',
28 silly cache add   spec: 'latest',
28 silly cache add   type: 'tag' }
29 silly addNamed peerDependencies@latest
30 verbose addNamed "latest" is being treated as a dist-tag for peerDependencies
31 info addNameTag [ 'peerDependencies', 'latest' ]
32 silly mapToRegistry name peerDependencies
33 silly mapToRegistry using default registry
34 silly mapToRegistry registry https://registry.npmjs.org/
35 silly mapToRegistry data Result {
35 silly mapToRegistry   raw: 'peerDependencies',
35 silly mapToRegistry   scope: null,
35 silly mapToRegistry   name: 'peerDependencies',
35 silly mapToRegistry   rawSpec: '',
35 silly mapToRegistry   spec: 'latest',
35 silly mapToRegistry   type: 'tag' }
36 silly mapToRegistry uri https://registry.npmjs.org/peerDependencies
37 verbose addNameTag registry:https://registry.npmjs.org/peerDependencies not in flight; fetching
38 verbose request uri https://registry.npmjs.org/peerDependencies
39 verbose request no auth needed
40 info attempt registry request try #1 at 9:12:52 PM
41 verbose request id 272774ec526a5571
42 http request GET https://registry.npmjs.org/peerDependencies
43 http 404 https://registry.npmjs.org/peerDependencies
44 verbose headers { 'content-type': 'application/json',
44 verbose headers   'cache-control': 'max-age=0',
44 verbose headers   'content-length': '2',
44 verbose headers   'accept-ranges': 'bytes',
44 verbose headers   date: 'Thu, 17 Nov 2016 02:12:52 GMT',
44 verbose headers   via: '1.1 varnish',
44 verbose headers   age: '0',
44 verbose headers   connection: 'keep-alive',
44 verbose headers   'x-served-by': 'cache-atl6251-ATL',
44 verbose headers   'x-cache': 'MISS',
44 verbose headers   'x-cache-hits': '0',
44 verbose headers   'x-timer': 'S1479348772.205010,VS0,VE322',
44 verbose headers   vary: 'Accept-Encoding' }
45 silly get cb [ 404,
45 silly get   { 'content-type': 'application/json',
45 silly get     'cache-control': 'max-age=0',
45 silly get     'content-length': '2',
45 silly get     'accept-ranges': 'bytes',
45 silly get     date: 'Thu, 17 Nov 2016 02:12:52 GMT',
45 silly get     via: '1.1 varnish',
45 silly get     age: '0',
45 silly get     connection: 'keep-alive',
45 silly get     'x-served-by': 'cache-atl6251-ATL',
45 silly get     'x-cache': 'MISS',
45 silly get     'x-cache-hits': '0',
45 silly get     'x-timer': 'S1479348772.205010,VS0,VE322',
45 silly get     vary: 'Accept-Encoding' } ]
46 verbose stack Error: Registry returned 404 for GET on https://registry.npmjs.org/peerDependencies
46 verbose stack     at makeError (C:\Program Files\nodejs\node_modules\npm\node_modules\npm-registry-client\lib\request.js:264:12)
46 verbose stack     at CachingRegistryClient.<anonymous> (C:\Program Files\nodejs\node_modules\npm\node_modules\npm-registry-client\lib\request.js:242:14)
46 verbose stack     at Request._callback (C:\Program Files\nodejs\node_modules\npm\node_modules\npm-registry-client\lib\request.js:172:14)
46 verbose stack     at Request.self.callback (C:\Program Files\nodejs\node_modules\npm\node_modules\request\request.js:199:22)
46 verbose stack     at emitTwo (events.js:87:13)
46 verbose stack     at Request.emit (events.js:172:7)
46 verbose stack     at Request.<anonymous> (C:\Program Files\nodejs\node_modules\npm\node_modules\request\request.js:1036:10)
46 verbose stack     at emitOne (events.js:82:20)
46 verbose stack     at Request.emit (events.js:169:7)
46 verbose stack     at IncomingMessage.<anonymous> (C:\Program Files\nodejs\node_modules\npm\node_modules\request\request.js:963:12)
47 verbose statusCode 404
48 verbose pkgid peerDependencies
49 verbose cwd C:\Users\Justin\Dropbox\Development\bloc-jams-angular
50 error Windows_NT 10.0.14393
51 error argv "C:\\Program Files\\nodejs\\node.exe" "C:\\Program Files\\nodejs\\node_modules\\npm\\bin\\npm-cli.js" "install" "peerDependencies"
52 error node v4.4.3
53 error npm  v2.15.1
54 error code E404
55 error 404 Registry returned 404 for GET on https://registry.npmjs.org/peerDependencies
55 error 404
55 error 404 'peerDependencies' is not in the npm registry.
55 error 404 Your package name is not valid, because
55 error 404
55 error 404  1. name can no longer contain capital letters
55 error 404 It was specified as a dependency of 'bloc-jams-angular'
55 error 404
55 error 404 Note that you can also install from a
55 error 404 tarball, folder, http url, or git url.
56 verbose exit [ 1, true ]
